*******************************************************************
* Genome-wide Complex Trait Analysis (GCTA)
* version 1.93.2 beta Linux
* (C) 2010-present, Jian Yang, The University of Queensland
* Please report bugs to Jian Yang <jian.yang.qt@gmail.com>
*******************************************************************
Analysis started at 21:23:10 EST on Wed Nov 30 2022.
Hostname: longleaf-login4.its.unc.edu

Options: 
 
--bfile pnut 
--make-grm-xchr 
--out pnut_xchr 

The program will be running on up to 1 threads.
Note: This function takes X chromosome as non PAR region.
Reading PLINK FAM file from [pnut.fam]...
365 individuals to be included from FAM file.
365 individuals to be included. 0 males, 365 females, 0 unknown.
Reading PLINK BIM file from [pnut.bim]...
2889 SNPs to be included from BIM file(s).
Computing the genetic relationship matrix (GRM) v2 ...
Subset 1/1, no. subject 1-365
  365 samples, 2889 markers, 66795 GRM elements
IDs for the GRM file has been saved in the file [pnut_xchr.grm.id]
Computing GRM...
  100% finished in 0.1 sec
142 SNPs have been processed.
142 valid SNPs are included.
The GRM computation is completed.
Saving GRM...
GRM has been saved in the file [pnut_xchr.grm.bin]
Number of SNPs in each pair of individuals has been saved in the file [pnut_xchr.grm.N.bin]

Analysis finished at 21:23:10 EST on Wed Nov 30 2022
Overall computational time: 0.13 sec.
