*******************************************************************
* Genome-wide Complex Trait Analysis (GCTA)
* version 1.93.2 beta Linux
* (C) 2010-present, Jian Yang, The University of Queensland
* Please report bugs to Jian Yang <jian.yang.qt@gmail.com>
*******************************************************************
Analysis started at 21:25:44 EST on Wed Nov 30 2022.
Hostname: longleaf-login4.its.unc.edu

Options: 
 
--bfile pnut 
--make-grm 
--autosome-num 19 
--autosome 
--out pnut 

The program will be running on up to 1 threads.
Note: GRM is computed using the SNPs on the autosome.
Reading PLINK FAM file from [pnut.fam]...
365 individuals to be included from FAM file.
365 individuals to be included. 0 males, 365 females, 0 unknown.
Reading PLINK BIM file from [pnut.bim]...
2889 SNPs to be included from BIM file(s).
2747 SNPs to be included from valid chromosome number
Computing the genetic relationship matrix (GRM) v2 ...
Subset 1/1, no. subject 1-365
  365 samples, 2747 markers, 66795 GRM elements
IDs for the GRM file has been saved in the file [pnut.grm.id]
Computing GRM...
  100% finished in 0.1 sec
2747 SNPs have been processed.
  Used 2747 valid SNPs.
The GRM computation is completed.
Saving GRM...
GRM has been saved in the file [pnut.grm.bin]
Number of SNPs in each pair of individuals has been saved in the file [pnut.grm.N.bin]

Analysis finished at 21:25:45 EST on Wed Nov 30 2022
Overall computational time: 0.12 sec.
